

 SAP2000 v20.2.0 Ultimate 32-bit (Analysis Build 9663/32)
 File: D:\MY FILES\Courses\Omr...es\Project\Phase_1\SAP2000\5ST-Period&Drift.LOG




 B E G I N   A N A L Y S I S                                2018/11/10  00:30:28


 RUNNING ANALYSIS WITHIN THE GUI PROCESS
 USING THE ADVANCED SOLVER (PROVIDES LIMITED INSTABILITY INFORMATION)

 NUMBER OF JOINTS                          =          74
    WITH RESTRAINTS                        =           4
 NUMBER OF FRAME/CABLE/TENDON ELEMENTS     =          85
 NUMBER OF LOAD PATTERNS                   =           6
 NUMBER OF ACCELERATION LOADS              =           9
 NUMBER OF LOAD CASES                      =           3

 ADDRESSABLE PHYSICAL MEMORY (RAM)         =       2.000 GB

 PARALLELIZATION OF ANALYSIS OPERATIONS:
 (Env. variable SAPFIRE_NUM_THREADS        =           0)
 NUMBER OF THREADS: STATE (AUTOMATIC)      =           6
 NUMBER OF THREADS: STIFFNESS (AUTOMATIC)  =           6
 NUMBER OF THREADS: EVENT (AUTOMATIC)      =           6
 NUMBER OF THREADS: MOVE (AUTOMATIC)       =           6
 NUMBER OF THREADS: RESPONSE (AUTOMATIC)   =           6
 NUMBER OF THREADS: SOLVE (AUTOMATIC)      =           6
 NUMBER OF THREADS: FORM (AUTOMATIC)       =           6


 E L E M E N T   F O R M A T I O N                                      00:30:28



 L I N E A R   E Q U A T I O N   S O L U T I O N                        00:30:28

 FORMING STIFFNESS AT ZERO (UNSTRESSED) INITIAL CONDITIONS

 TOTAL NUMBER OF EQUILIBRIUM EQUATIONS     =         210
 NUMBER OF NON-ZERO STIFFNESS TERMS        =        1149

 ---------------------------------
 BASIC STABILITY CHECK FOR LINEAR LOAD CASES:
    NUMBER OF NEGATIVE STIFFNESS EIGENVALUES SHOULD BE ZERO FOR STABILITY.
    (NOTE: FURTHER CHECKS SHOULD BE CONSIDERED AS DEEMED NECESSARY,
     SUCH AS REVIEWING EIGEN MODES FOR MECHANISMS AND RIGID-BODY MOTION)

    NUMBER OF NEGATIVE EIGENVALUES         =           0,  OK.
 ---------------------------------


 L I N E A R   S T A T I C   C A S E S                                  00:30:28

 USING STIFFNESS AT ZERO (UNSTRESSED) INITIAL CONDITIONS

 TOTAL NUMBER OF CASES TO SOLVE            =           2
 NUMBER OF CASES TO SOLVE PER BLOCK        =           2

 LINEAR STATIC CASES TO BE SOLVED:

 CASE: DEAD
 CASE: LL


 E I G E N   M O D A L   A N A L Y S I S                                00:30:28

 CASE: MODAL

 USING STIFFNESS AT ZERO (UNSTRESSED) INITIAL CONDITIONS

 NUMBER OF STIFFNESS DEGREES OF FREEDOM    =         210
 NUMBER OF MASS DEGREES OF FREEDOM         =         140
 MAXIMUM NUMBER OF EIGEN MODES SOUGHT      =          12
 MINIMUM NUMBER OF EIGEN MODES SOUGHT      =           1
 NUMBER OF RESIDUAL-MASS MODES SOUGHT      =           0
 NUMBER OF SUBSPACE VECTORS USED           =          24
 RELATIVE CONVERGENCE TOLERANCE            =    1.00E-09

 FREQUENCY SHIFT  (CENTER) (CYC/TIME)      =     .000000
 FREQUENCY CUTOFF (RADIUS) (CYC/TIME)      =  -INFINITY-
 ALLOW AUTOMATIC FREQUENCY SHIFTING        =         YES


 Original stiffness at shift : EV= 0.0000000E+00, f=     .000000, T=  -INFINITY-
 Number of eigenvalues below shift =      0

 Iteration    Approximations to next 5 eigenvalues, from shift EV= 0.0000000E+00
       1   5.3636535E+01 4.3313134E+02 1.8659547E+03 4.8297342E+03 1.6035774E+04
       2   5.3627176E+01 4.3221895E+02 1.8491421E+03 4.7578531E+03 1.5249123E+04
       3   5.3627176E+01 4.3221894E+02 1.8491396E+03 4.7578368E+03 1.5245661E+04

 Found mode      1 of     12:  EV= 5.3627176E+01, f=    1.165501, T=    0.858000

 Iteration    Approximations to next 5 eigenvalues, from shift EV= 0.0000000E+00
       4   4.3221894E+02 1.8491396E+03 4.7578368E+03 1.5245625E+04 1.7451243E+04

 Found mode      2 of     12:  EV= 4.3221894E+02, f=    3.308812, T=    0.302223
 Found mode      3 of     12:  EV= 1.8491396E+03, f=    6.843921, T=    0.146115

 Iteration    Approximations to next 5 eigenvalues, from shift EV= 0.0000000E+00
       5   4.7578368E+03 1.5245625E+04 1.7451241E+04 1.7919879E+04 3.0781284E+04

 Found mode      4 of     12:  EV= 4.7578368E+03, f=   10.978042, T=    0.091091

 Iteration    Approximations to next 5 eigenvalues, from shift EV= 0.0000000E+00
       6   1.5245625E+04 1.7451241E+04 1.7919879E+04 3.0781280E+04 3.2874437E+04

 Found mode      5 of     12:  EV= 1.5245625E+04, f=   19.651366, T=    0.050887
 Found mode      6 of     12:  EV= 1.7451241E+04, f=   21.024869, T=    0.047563
 Found mode      7 of     12:  EV= 1.7919879E+04, f=   21.305301, T=    0.046937
 Found mode      8 of     12:  EV= 3.0781280E+04, f=   27.923090, T=    0.035813
 Found mode      9 of     12:  EV= 3.2874437E+04, f=   28.856875, T=    0.034654
 Found mode     10 of     12:  EV= 3.2965452E+04, f=   28.896793, T=    0.034606

 Iteration    Approximations to next 5 eigenvalues, from shift EV= 0.0000000E+00
       8   3.3330953E+04 4.3007330E+04 4.5825298E+04 5.8597994E+04 7.8841417E+04

 Found mode     11 of     12:  EV= 3.3330953E+04, f=   29.056547, T=    0.034416

 Iteration    Approximations to next 5 eigenvalues, from shift EV= 0.0000000E+00
       9   4.3007330E+04 4.5825298E+04 5.8597994E+04 7.8841377E+04 8.9502165E+04

 Found mode     12 of     12:  EV= 4.3007330E+04, f=   33.005884, T=    0.030298

 NUMBER OF EIGEN MODES FOUND               =          12
 NUMBER OF ITERATIONS PERFORMED            =           9
 NUMBER OF STIFFNESS SHIFTS                =           0


 A N A L Y S I S   C O M P L E T E                          2018/11/10  00:30:28
